<?xml version="1.0" encoding="UTF-8"?>
<!-- Generated by org.testng.reporters.JUnitXMLReporter -->
<testsuite hostname="Sumairs-MacBook-Pro.local" ignored="0" name="Regression Suite" tests="10" failures="1" timestamp="2020-01-22T20:13:01 EST" time="0.074" errors="0">
  <testcase name="closeReport" time="0.013" classname="com.syntax.testcases.ReportsModule"/>
  <testcase name="openReport" time="0.003" classname="com.syntax.testcases.ReportsModule">
    <failure type="java.lang.AssertionError" message="did not expect to find [true] but found [false]">
      <![CDATA[java.lang.AssertionError: did not expect to find [true] but found [false]
at com.syntax.testcases.ReportsModule.openReport(ReportsModule.java:17)
at java.util.ArrayList.forEach(ArrayList.java:1257)
... Removed 31 stack frames]]>
    </failure>
  </testcase> <!-- openReport -->
  <testcase name="validateLeaveList" time="0.001" classname="com.syntax.testcases.LeaveList"/>
  <testcase name="validateAddEmployee" time="0.002" classname="com.syntax.testcases.PimModule"/>
  <testcase name="validatePimModule" time="0.001" classname="com.syntax.testcases.PimModule"/>
  <testcase name="validateRemoveEmployee" time="0.001" classname="com.syntax.testcases.PimModule"/>
  <testcase name="leaveDate" time="0.002" classname="com.syntax.testcases.LeaveModule"/>
  <testcase name="returnDate" time="0.001" classname="com.syntax.testcases.LeaveModule"/>
  <testcase name="validateLeaveModule" time="0.001" classname="com.syntax.testcases.LeaveModule"/>
  <testcase name="validateReportModule" time="0.001" classname="com.syntax.testcases.ReportsModule"/>
</testsuite> <!-- Regression Suite -->
