<?xml version="1.0" encoding="UTF-8"?>
<testng-results skipped="0" failed="1" ignored="0" total="10" passed="9">
  <reporter-output>
  </reporter-output>
  <suite name="Regression Suite" duration-ms="74" started-at="2020-01-22T20:12:56 EST" finished-at="2020-01-22T20:12:56 EST">
    <groups>
      <group name="Regression">
        <method signature="LeaveList.validateLeaveList()[pri:0, instance:com.syntax.testcases.LeaveList@18eed359]" name="validateLeaveList" class="com.syntax.testcases.LeaveList"/>
        <method signature="LeaveModule.leaveDate()[pri:0, instance:com.syntax.testcases.LeaveModule@6c3708b3]" name="leaveDate" class="com.syntax.testcases.LeaveModule"/>
        <method signature="LeaveModule.returnDate()[pri:0, instance:com.syntax.testcases.LeaveModule@6c3708b3]" name="returnDate" class="com.syntax.testcases.LeaveModule"/>
        <method signature="LeaveModule.validateLeaveModule()[pri:0, instance:com.syntax.testcases.LeaveModule@6c3708b3]" name="validateLeaveModule" class="com.syntax.testcases.LeaveModule"/>
        <method signature="PimModule.validateAddEmployee()[pri:0, instance:com.syntax.testcases.PimModule@3e9b1010]" name="validateAddEmployee" class="com.syntax.testcases.PimModule"/>
        <method signature="PimModule.validatePimModule()[pri:0, instance:com.syntax.testcases.PimModule@3e9b1010]" name="validatePimModule" class="com.syntax.testcases.PimModule"/>
        <method signature="PimModule.validateRemoveEmployee()[pri:0, instance:com.syntax.testcases.PimModule@3e9b1010]" name="validateRemoveEmployee" class="com.syntax.testcases.PimModule"/>
        <method signature="ReportsModule.closeReport()[pri:0, instance:com.syntax.testcases.ReportsModule@520a3426]" name="closeReport" class="com.syntax.testcases.ReportsModule"/>
        <method signature="ReportsModule.openReport()[pri:0, instance:com.syntax.testcases.ReportsModule@520a3426]" name="openReport" class="com.syntax.testcases.ReportsModule"/>
        <method signature="ReportsModule.validateReportModule()[pri:1, instance:com.syntax.testcases.ReportsModule@520a3426]" name="validateReportModule" class="com.syntax.testcases.ReportsModule"/>
      </group> <!-- Regression -->
      <group name="Smoke">
        <method signature="LeaveModule.validateLeaveModule()[pri:0, instance:com.syntax.testcases.LeaveModule@6c3708b3]" name="validateLeaveModule" class="com.syntax.testcases.LeaveModule"/>
        <method signature="PimModule.validatePimModule()[pri:0, instance:com.syntax.testcases.PimModule@3e9b1010]" name="validatePimModule" class="com.syntax.testcases.PimModule"/>
        <method signature="ReportsModule.validateReportModule()[pri:1, instance:com.syntax.testcases.ReportsModule@520a3426]" name="validateReportModule" class="com.syntax.testcases.ReportsModule"/>
      </group> <!-- Smoke -->
    </groups>
    <test name="Regression Suite" duration-ms="74" started-at="2020-01-22T20:12:56 EST" finished-at="2020-01-22T20:12:56 EST">
      <class name="com.syntax.testcases.LeaveList">
        <test-method status="PASS" signature="validateLeaveList()[pri:0, instance:com.syntax.testcases.LeaveList@18eed359]" name="validateLeaveList" duration-ms="1" started-at="2020-01-22T20:12:56 EST" finished-at="2020-01-22T20:12:56 EST">
          <reporter-output>
          </reporter-output>
        </test-method> <!-- validateLeaveList -->
      </class> <!-- com.syntax.testcases.LeaveList -->
      <class name="com.syntax.testcases.LeaveModule">
        <test-method status="PASS" signature="leaveDate()[pri:0, instance:com.syntax.testcases.LeaveModule@6c3708b3]" name="leaveDate" duration-ms="2" started-at="2020-01-22T20:12:56 EST" finished-at="2020-01-22T20:12:56 EST">
          <reporter-output>
          </reporter-output>
        </test-method> <!-- leaveDate -->
        <test-method status="PASS" signature="returnDate()[pri:0, instance:com.syntax.testcases.LeaveModule@6c3708b3]" name="returnDate" duration-ms="1" started-at="2020-01-22T20:12:56 EST" finished-at="2020-01-22T20:12:56 EST">
          <reporter-output>
          </reporter-output>
        </test-method> <!-- returnDate -->
        <test-method status="PASS" signature="validateLeaveModule()[pri:0, instance:com.syntax.testcases.LeaveModule@6c3708b3]" name="validateLeaveModule" duration-ms="1" started-at="2020-01-22T20:12:56 EST" finished-at="2020-01-22T20:12:56 EST">
          <reporter-output>
          </reporter-output>
        </test-method> <!-- validateLeaveModule -->
      </class> <!-- com.syntax.testcases.LeaveModule -->
      <class name="com.syntax.testcases.ReportsModule">
        <test-method status="PASS" signature="closeReport()[pri:0, instance:com.syntax.testcases.ReportsModule@520a3426]" name="closeReport" duration-ms="13" started-at="2020-01-22T20:12:56 EST" finished-at="2020-01-22T20:12:56 EST">
          <reporter-output>
          </reporter-output>
        </test-method> <!-- closeReport -->
        <test-method status="FAIL" signature="openReport()[pri:0, instance:com.syntax.testcases.ReportsModule@520a3426]" name="openReport" duration-ms="3" started-at="2020-01-22T20:12:56 EST" finished-at="2020-01-22T20:12:56 EST">
          <exception class="java.lang.AssertionError">
            <message>
              <![CDATA[did not expect to find [true] but found [false]]]>
            </message>
            <full-stacktrace>
              <![CDATA[java.lang.AssertionError: did not expect to find [true] but found [false]
at org.testng.Assert.fail(Assert.java:97)
at org.testng.Assert.failNotEquals(Assert.java:969)
at org.testng.Assert.assertTrue(Assert.java:43)
at org.testng.Assert.assertTrue(Assert.java:53)
at com.syntax.testcases.ReportsModule.openReport(ReportsModule.java:17)
at sun.reflect.NativeMethodAccessorImpl.invoke0(Native Method)
at sun.reflect.NativeMethodAccessorImpl.invoke(NativeMethodAccessorImpl.java:62)
at sun.reflect.DelegatingMethodAccessorImpl.invoke(DelegatingMethodAccessorImpl.java:43)
at java.lang.reflect.Method.invoke(Method.java:498)
at org.testng.internal.MethodInvocationHelper.invokeMethod(MethodInvocationHelper.java:133)
at org.testng.internal.TestInvoker.invokeMethod(TestInvoker.java:584)
at org.testng.internal.TestInvoker.invokeTestMethod(TestInvoker.java:172)
at org.testng.internal.MethodRunner.runInSequence(MethodRunner.java:46)
at org.testng.internal.TestInvoker$MethodInvocationAgent.invoke(TestInvoker.java:804)
at org.testng.internal.TestInvoker.invokeTestMethods(TestInvoker.java:145)
at org.testng.internal.TestMethodWorker.invokeTestMethods(TestMethodWorker.java:146)
at org.testng.internal.TestMethodWorker.run(TestMethodWorker.java:128)
at java.util.ArrayList.forEach(ArrayList.java:1257)
at org.testng.TestRunner.privateRun(TestRunner.java:770)
at org.testng.TestRunner.run(TestRunner.java:591)
at org.testng.SuiteRunner.runTest(SuiteRunner.java:402)
at org.testng.SuiteRunner.runSequentially(SuiteRunner.java:396)
at org.testng.SuiteRunner.privateRun(SuiteRunner.java:355)
at org.testng.SuiteRunner.run(SuiteRunner.java:304)
at org.testng.SuiteRunnerWorker.runSuite(SuiteRunnerWorker.java:53)
at org.testng.SuiteRunnerWorker.run(SuiteRunnerWorker.java:96)
at org.testng.TestNG.runSuitesSequentially(TestNG.java:1180)
at org.testng.TestNG.runSuitesLocally(TestNG.java:1102)
at org.testng.TestNG.runSuites(TestNG.java:1032)
at org.testng.TestNG.run(TestNG.java:1000)
at org.testng.remote.AbstractRemoteTestNG.run(AbstractRemoteTestNG.java:115)
at org.testng.remote.RemoteTestNG.initAndRun(RemoteTestNG.java:251)
at org.testng.remote.RemoteTestNG.main(RemoteTestNG.java:77)
]]>
            </full-stacktrace>
          </exception> <!-- java.lang.AssertionError -->
          <reporter-output>
          </reporter-output>
        </test-method> <!-- openReport -->
        <test-method status="PASS" signature="validateReportModule()[pri:1, instance:com.syntax.testcases.ReportsModule@520a3426]" name="validateReportModule" duration-ms="1" started-at="2020-01-22T20:12:56 EST" finished-at="2020-01-22T20:12:56 EST">
          <reporter-output>
          </reporter-output>
        </test-method> <!-- validateReportModule -->
      </class> <!-- com.syntax.testcases.ReportsModule -->
      <class name="com.syntax.testcases.PimModule">
        <test-method status="PASS" signature="validateAddEmployee()[pri:0, instance:com.syntax.testcases.PimModule@3e9b1010]" name="validateAddEmployee" duration-ms="2" started-at="2020-01-22T20:12:56 EST" finished-at="2020-01-22T20:12:56 EST">
          <reporter-output>
          </reporter-output>
        </test-method> <!-- validateAddEmployee -->
        <test-method status="PASS" signature="validatePimModule()[pri:0, instance:com.syntax.testcases.PimModule@3e9b1010]" name="validatePimModule" duration-ms="1" started-at="2020-01-22T20:12:56 EST" finished-at="2020-01-22T20:12:56 EST">
          <reporter-output>
          </reporter-output>
        </test-method> <!-- validatePimModule -->
        <test-method status="PASS" signature="validateRemoveEmployee()[pri:0, instance:com.syntax.testcases.PimModule@3e9b1010]" name="validateRemoveEmployee" duration-ms="1" started-at="2020-01-22T20:12:56 EST" finished-at="2020-01-22T20:12:56 EST">
          <reporter-output>
          </reporter-output>
        </test-method> <!-- validateRemoveEmployee -->
      </class> <!-- com.syntax.testcases.PimModule -->
    </test> <!-- Regression Suite -->
  </suite> <!-- Regression Suite -->
</testng-results>
